<?xml version="1.0" encoding="UTF-8"?>
<!-- Generated by org.testng.reporters.JUnitXMLReporter -->
<testsuite ignored="0" hostname="DESKTOP-DO1EJDT" failures="1" tests="2" name="FirefoxTest" time="284.66" errors="0" timestamp="2022-09-23T21:42:55 IST">
  <testcase classname="pack1.VerifyAddToCartPage" name="test" time="2.317"/>
  <testcase classname="pack1.VerifyInstagramPage" name="verifyLink" time="5.096">
    <failure type="java.lang.AssertionError" message="expected [https://www.instagram.com/amazondotin/] but found [https://www.amazon.in/]">
      <![CDATA[java.lang.AssertionError: expected [https://www.instagram.com/amazondotin/] but found [https://www.amazon.in/]
at pack1.VerifyInstagramPage.verifyLink(VerifyInstagramPage.java:63)
at java.base/java.util.ArrayList.forEach(ArrayList.java:1511)
at java.base/java.util.concurrent.FutureTask.run(FutureTask.java:264)
at java.base/java.util.concurrent.ThreadPoolExecutor.runWorker(ThreadPoolExecutor.java:1136)
at java.base/java.util.concurrent.ThreadPoolExecutor$Worker.run(ThreadPoolExecutor.java:635)
at java.base/java.lang.Thread.run(Thread.java:833)
... Removed 21 stack frames]]>
    </failure>
  </testcase> <!-- verifyLink -->
</testsuite> <!-- FirefoxTest -->
