<?xml version="1.0" encoding="UTF-8"?>
<!-- Generated by org.testng.reporters.JUnitXMLReporter -->
<testsuite ignored="0" hostname="DESKTOP-DO1EJDT" failures="0" tests="2" name="Test" time="0.165" errors="0" timestamp="2022-09-27T18:16:18 IST">
  <testcase classname="pack1.VerifyAddToCartPage" name="@BeforeTest openBrowser" time="-1.664282777839E9">
    <failure type="org.testng.TestNGException" message="
Parameter &amp;apos;browser&amp;apos; is required by BeforeTest on method openBrowser but has not been marked @Optional or defined
in C:\Users\UGTECH\eclipse-workspace\AmazonTest\testng.xml">
      <![CDATA[org.testng.TestNGException: 
Parameter 'browser' is required by BeforeTest on method openBrowser but has not been marked @Optional or defined
in C:\Users\UGTECH\eclipse-workspace\AmazonTest\testng.xml
... Removed 21 stack frames]]>
    </failure>
  </testcase> <!-- @BeforeTest openBrowser -->
  <testcase classname="pack1.VerifyInstagramPage" name="@BeforeTest openBrowser" time="0.0">
    <skipped/>
  </testcase> <!-- @BeforeTest openBrowser -->
  <testcase classname="pack1.VerifyAddToCartPage" name="@BeforeMethod openHomePage" time="0.0">
    <skipped/>
  </testcase> <!-- @BeforeMethod openHomePage -->
  <testcase classname="pack1.VerifyInstagramPage" name="@BeforeMethod openHomePage" time="0.0">
    <skipped/>
  </testcase> <!-- @BeforeMethod openHomePage -->
  <testcase classname="pack1.VerifyAddToCartPage" name="test" time="0.0">
    <skipped/>
  </testcase> <!-- test -->
  <testcase classname="pack1.VerifyInstagramPage" name="verifyLink" time="0.0">
    <skipped/>
  </testcase> <!-- verifyLink -->
</testsuite> <!-- Test -->
